<?xml version="1.0" encoding="UTF-8"?>
<!-- Generated by org.testng.reporters.JUnitReportReporter -->
<testsuite hostname="LAPTOP-25MQB1CL" failures="0" tests="2" name="CompaignTestCases.CreateCompaignTest" time="30.495" errors="0" timestamp="2025-03-26T11:38:09 IST" skipped="0">
  <testcase classname="CompaignTestCases.CreateCompaignTest" name="createCampaignWithoutDate" time="15.266"/>
  <testcase classname="CompaignTestCases.CreateCompaignTest" name="createCampaignWithCloseDate" time="15.229"/>
</testsuite> <!-- CompaignTestCases.CreateCompaignTest -->
