<?xml version="1.0" encoding="UTF-8"?>
<!-- Generated by org.testng.reporters.JUnitReportReporter -->
<testsuite hostname="LAPTOP-25MQB1CL" failures="0" tests="1" name="LoginTestcase.LoginTest" time="6.977" errors="0" timestamp="2025-03-26T11:38:10 IST" skipped="0">
  <testcase classname="LoginTestcase.LoginTest" name="loginTest" time="6.977"/>
</testsuite> <!-- LoginTestcase.LoginTest -->
