<?xml version="1.0" encoding="UTF-8"?>
<!-- Generated by org.testng.reporters.JUnitReportReporter -->
<testsuite hostname="LAPTOP-25MQB1CL" failures="0" tests="2" name="LoginTestcase.LoginTest" time="12.474" errors="0" timestamp="2025-03-20T12:41:08 IST" skipped="0">
  <testcase classname="LoginTestcase.LoginTest" name="loginTest" time="5.812"/>
  <testcase classname="LoginTestcase.LoginTest" name="loginTest" time="6.662"/>
</testsuite> <!-- LoginTestcase.LoginTest -->
