<?xml version="1.0" encoding="UTF-8"?>
<!-- Generated by org.testng.reporters.JUnitReportReporter -->
<testsuite hostname="LAPTOP-25MQB1CL" failures="0" tests="1" name="contactTestCases.createContactWithCampaign" time="24.162" errors="0" timestamp="2025-03-26T11:38:10 IST" skipped="0">
  <testcase classname="contactTestCases.createContactWithCampaign" name="createContactWithCam" time="24.162"/>
</testsuite> <!-- contactTestCases.createContactWithCampaign -->
