<?xml version="1.0" encoding="UTF-8"?>
<!-- Generated by org.testng.reporters.JUnitReportReporter -->
<testsuite hostname="LAPTOP-25MQB1CL" failures="0" tests="3" name="HelperAttributePractice.TestNGPractice1" time="0.028" errors="0" timestamp="2025-03-17T14:22:01 IST" skipped="0">
  <testcase classname="HelperAttributePractice.TestNGPractice1" name="testcase1" time="0.003"/>
  <testcase classname="HelperAttributePractice.TestNGPractice1" name="testcase1" time="0.013"/>
  <testcase classname="HelperAttributePractice.TestNGPractice1" name="testcase1" time="0.012"/>
</testsuite> <!-- HelperAttributePractice.TestNGPractice1 -->
